{
  "stats": {
    "suites": 1,
    "tests": 1,
    "passes": 1,
    "pending": 0,
    "failures": 0,
    "start": "2022-07-20T14:20:26.058Z",
    "end": "2022-07-20T14:20:27.112Z",
    "duration": 1054,
    "testsRegistered": 1,
    "passPercent": 100,
    "pendingPercent": 0,
    "other": 0,
    "hasOther": false,
    "skipped": 0,
    "hasSkipped": false
  },
  "results": [
    {
      "uuid": "3b6cb7c3-d768-4bbc-9623-33800ff11ecf",
      "title": "",
      "fullFile": "cypress/integration/cupons.spec.js",
      "file": "cypress/integration/cupons.spec.js",
      "beforeHooks": [],
      "afterHooks": [],
      "tests": [],
      "suites": [
        {
          "uuid": "3d609ba4-0795-4c5c-9a85-303ef98f3d2e",
          "title": "Testes com a API EBAC-Shop - Cupons",
          "fullFile": "",
          "file": "",
          "beforeHooks": [],
          "afterHooks": [],
          "tests": [
            {
              "title": "Listar Cupons",
              "fullTitle": "Testes com a API EBAC-Shop - Cupons Listar Cupons",
              "timedOut": null,
              "duration": 951,
              "state": "passed",
              "speed": "fast",
              "pass": true,
              "fail": false,
              "pending": false,
              "context": null,
              "code": "cy.request({\n  method: \"GET\",\n  url: \"/wc/v3/coupons\",\n  headers: {\n    accept: info.accept,\n    authorization: info.authorization\n  }\n}).then(Response => {\n  expect(Response.status).to.equal(200); // expect(Response.body[0].id).to.equal(6332)\n  cy.get(Response.body[0].id);\n});",
              "err": {},
              "uuid": "d8eae1ad-9764-43cf-8d70-7b667ef1a5ad",
              "parentUUID": "3d609ba4-0795-4c5c-9a85-303ef98f3d2e",
              "isHook": false,
              "skipped": false
            }
          ],
          "suites": [],
          "passes": [
            "d8eae1ad-9764-43cf-8d70-7b667ef1a5ad"
          ],
          "failures": [],
          "pending": [],
          "skipped": [],
          "duration": 951,
          "root": false,
          "rootEmpty": false,
          "_timeout": 2000
        }
      ],
      "passes": [],
      "failures": [],
      "pending": [],
      "skipped": [],
      "duration": 0,
      "root": true,
      "rootEmpty": true,
      "_timeout": 2000
    }
  ],
  "meta": {
    "mocha": {
      "version": "7.0.1"
    },
    "mochawesome": {
      "options": {
        "quiet": false,
        "reportFilename": "mochawesome",
        "saveHtml": false,
        "saveJson": true,
        "consoleReporter": "spec",
        "useInlineDiffs": false,
        "code": true
      },
      "version": "7.1.3"
    },
    "marge": {
      "options": {
        "reporterDir": "mochawesome-report",
        "overwrite": false,
        "html": false,
        "json": true
      },
      "version": "6.2.0"
    }
  }
}