{
  "stats": {
    "suites": 1,
    "tests": 1,
    "passes": 1,
    "pending": 0,
    "failures": 0,
    "start": "2022-07-20T17:34:01.979Z",
    "end": "2022-07-20T17:34:03.485Z",
    "duration": 1506,
    "testsRegistered": 1,
    "passPercent": 100,
    "pendingPercent": 0,
    "other": 0,
    "hasOther": false,
    "skipped": 0,
    "hasSkipped": false
  },
  "results": [
    {
      "uuid": "fee0a0aa-b356-4217-8340-6e89db4cea40",
      "title": "",
      "fullFile": "cypress/integration/cupons.spec.js",
      "file": "cypress/integration/cupons.spec.js",
      "beforeHooks": [],
      "afterHooks": [],
      "tests": [],
      "suites": [
        {
          "uuid": "4bf267a0-bf5e-4634-83e4-0898693f70c7",
          "title": "Testes com a API EBAC-Shop - Cupons",
          "fullFile": "",
          "file": "",
          "beforeHooks": [],
          "afterHooks": [],
          "tests": [
            {
              "title": "Listar Cupom por Id",
              "fullTitle": "Testes com a API EBAC-Shop - Cupons Listar Cupom por Id",
              "timedOut": null,
              "duration": 1448,
              "state": "passed",
              "speed": "fast",
              "pass": true,
              "fail": false,
              "pending": false,
              "context": null,
              "code": "cy.registerCoupons().then(Response => {\n  let cupomId = Response.body.id;\n  cy.request({\n    method: \"GET\",\n    url: `/wc/v3/coupons/${cupomId}`,\n    headers: {\n      accept: info.accept,\n      authorization: info.authorization\n    }\n  }).then(Response => {\n    expect(Response.status).to.equal(200);\n  });\n});",
              "err": {},
              "uuid": "764c44e9-bdb8-45bf-970e-59bad0fed5ea",
              "parentUUID": "4bf267a0-bf5e-4634-83e4-0898693f70c7",
              "isHook": false,
              "skipped": false
            }
          ],
          "suites": [],
          "passes": [
            "764c44e9-bdb8-45bf-970e-59bad0fed5ea"
          ],
          "failures": [],
          "pending": [],
          "skipped": [],
          "duration": 1448,
          "root": false,
          "rootEmpty": false,
          "_timeout": 2000
        }
      ],
      "passes": [],
      "failures": [],
      "pending": [],
      "skipped": [],
      "duration": 0,
      "root": true,
      "rootEmpty": true,
      "_timeout": 2000
    }
  ],
  "meta": {
    "mocha": {
      "version": "7.0.1"
    },
    "mochawesome": {
      "options": {
        "quiet": false,
        "reportFilename": "mochawesome",
        "saveHtml": false,
        "saveJson": true,
        "consoleReporter": "spec",
        "useInlineDiffs": false,
        "code": true
      },
      "version": "7.1.3"
    },
    "marge": {
      "options": {
        "reporterDir": "mochawesome-report",
        "overwrite": false,
        "html": false,
        "json": true
      },
      "version": "6.2.0"
    }
  }
}