{
  "stats": {
    "suites": 1,
    "tests": 1,
    "passes": 1,
    "pending": 0,
    "failures": 0,
    "start": "2022-07-18T23:21:50.314Z",
    "end": "2022-07-18T23:21:50.810Z",
    "duration": 496,
    "testsRegistered": 1,
    "passPercent": 100,
    "pendingPercent": 0,
    "other": 0,
    "hasOther": false,
    "skipped": 0,
    "hasSkipped": false
  },
  "results": [
    {
      "uuid": "01b2be71-da49-4aeb-ad5d-7100e117c651",
      "title": "",
      "fullFile": "cypress/integration/cupons.spec.js",
      "file": "cypress/integration/cupons.spec.js",
      "beforeHooks": [],
      "afterHooks": [],
      "tests": [],
      "suites": [
        {
          "uuid": "94841d5f-1b97-4a1e-80e7-0a43f94b02a0",
          "title": "Testes com a API EBAC-Shop - Cupons",
          "fullFile": "",
          "file": "",
          "beforeHooks": [],
          "afterHooks": [],
          "tests": [
            {
              "title": "Listar Cupons",
              "fullTitle": "Testes com a API EBAC-Shop - Cupons Listar Cupons",
              "timedOut": null,
              "duration": 461,
              "state": "passed",
              "speed": "fast",
              "pass": true,
              "fail": false,
              "pending": false,
              "context": null,
              "code": "cy.request({\n  method: \"GET\",\n  url: \"/wp-json/wc/v3/coupons\",\n  headers: {\n    accept: 'application/json',\n    authorization: 'Basic YWRtaW5fZWJhYzpAYWRtaW4hJmJAYyEyMDIy'\n  }\n}).then(Response => {\n  expect(Response.status).to.equal(200);\n  const objeto = Response.body;\n  cy.log(objeto);\n});",
              "err": {},
              "uuid": "65f0e5d9-b15b-4859-bcc7-eaf193959568",
              "parentUUID": "94841d5f-1b97-4a1e-80e7-0a43f94b02a0",
              "isHook": false,
              "skipped": false
            }
          ],
          "suites": [],
          "passes": [
            "65f0e5d9-b15b-4859-bcc7-eaf193959568"
          ],
          "failures": [],
          "pending": [],
          "skipped": [],
          "duration": 461,
          "root": false,
          "rootEmpty": false,
          "_timeout": 2000
        }
      ],
      "passes": [],
      "failures": [],
      "pending": [],
      "skipped": [],
      "duration": 0,
      "root": true,
      "rootEmpty": true,
      "_timeout": 2000
    }
  ],
  "meta": {
    "mocha": {
      "version": "7.0.1"
    },
    "mochawesome": {
      "options": {
        "quiet": false,
        "reportFilename": "mochawesome",
        "saveHtml": false,
        "saveJson": true,
        "consoleReporter": "spec",
        "useInlineDiffs": false,
        "code": true
      },
      "version": "7.1.3"
    },
    "marge": {
      "options": {
        "reporterDir": "mochawesome-report",
        "overwrite": false,
        "html": false,
        "json": true
      },
      "version": "6.2.0"
    }
  }
}