{
  "stats": {
    "suites": 1,
    "tests": 1,
    "passes": 0,
    "pending": 0,
    "failures": 1,
    "start": "2022-07-20T14:24:31.636Z",
    "end": "2022-07-20T14:24:33.071Z",
    "duration": 1435,
    "testsRegistered": 1,
    "passPercent": 0,
    "pendingPercent": 0,
    "other": 0,
    "hasOther": false,
    "skipped": 0,
    "hasSkipped": false
  },
  "results": [
    {
      "uuid": "c1fbe6bb-e6ba-4380-b7a0-85dbd767d691",
      "title": "",
      "fullFile": "cypress/integration/cupons.spec.js",
      "file": "cypress/integration/cupons.spec.js",
      "beforeHooks": [],
      "afterHooks": [],
      "tests": [],
      "suites": [
        {
          "uuid": "b7bf5626-ce41-4663-b8fa-aaa5a4e85aa9",
          "title": "Testes com a API EBAC-Shop - Cupons",
          "fullFile": "",
          "file": "",
          "beforeHooks": [],
          "afterHooks": [],
          "tests": [
            {
              "title": "Listar Cupom por Id",
              "fullTitle": "Testes com a API EBAC-Shop - Cupons Listar Cupom por Id",
              "timedOut": null,
              "duration": 1391,
              "state": "failed",
              "speed": null,
              "pass": false,
              "fail": true,
              "pending": false,
              "context": null,
              "code": "cy.registerCoupons().then(Response => {\n  let cupomId = Response.body[0].id;\n  cy.request({\n    method: \"GET\",\n    url: `/wc/v3/coupons/${cupomId}`\n  }).then(Response => {\n    expect(Response.status).to.equal(200);\n  });\n});",
              "err": {
                "message": "TypeError: Cannot read properties of undefined (reading 'id')",
                "estack": "TypeError: Cannot read properties of undefined (reading 'id')\n    at Context.eval (http://lojaebac.ebaconline.art.br/__cypress/tests?p=cypress/integration/cupons.spec.js:152:38)",
                "diff": null
              },
              "uuid": "baf3e1bf-3c37-48db-a1ff-373f771324fe",
              "parentUUID": "b7bf5626-ce41-4663-b8fa-aaa5a4e85aa9",
              "isHook": false,
              "skipped": false
            }
          ],
          "suites": [],
          "passes": [],
          "failures": [
            "baf3e1bf-3c37-48db-a1ff-373f771324fe"
          ],
          "pending": [],
          "skipped": [],
          "duration": 1391,
          "root": false,
          "rootEmpty": false,
          "_timeout": 2000
        }
      ],
      "passes": [],
      "failures": [],
      "pending": [],
      "skipped": [],
      "duration": 0,
      "root": true,
      "rootEmpty": true,
      "_timeout": 2000
    }
  ],
  "meta": {
    "mocha": {
      "version": "7.0.1"
    },
    "mochawesome": {
      "options": {
        "quiet": false,
        "reportFilename": "mochawesome",
        "saveHtml": false,
        "saveJson": true,
        "consoleReporter": "spec",
        "useInlineDiffs": false,
        "code": true
      },
      "version": "7.1.3"
    },
    "marge": {
      "options": {
        "reporterDir": "mochawesome-report",
        "overwrite": false,
        "html": false,
        "json": true
      },
      "version": "6.2.0"
    }
  }
}