{
  "stats": {
    "suites": 1,
    "tests": 2,
    "passes": 2,
    "pending": 0,
    "failures": 0,
    "start": "2022-07-18T23:46:18.754Z",
    "end": "2022-07-18T23:46:19.685Z",
    "duration": 931,
    "testsRegistered": 2,
    "passPercent": 100,
    "pendingPercent": 0,
    "other": 0,
    "hasOther": false,
    "skipped": 0,
    "hasSkipped": false
  },
  "results": [
    {
      "uuid": "d16ce598-e448-47a6-94b8-190aa15dd352",
      "title": "",
      "fullFile": "cypress/integration/cupons.spec.js",
      "file": "cypress/integration/cupons.spec.js",
      "beforeHooks": [],
      "afterHooks": [],
      "tests": [],
      "suites": [
        {
          "uuid": "8e9d1353-9347-4384-96d3-a9e4eaa45d9b",
          "title": "Testes com a API EBAC-Shop - Cupons",
          "fullFile": "",
          "file": "",
          "beforeHooks": [],
          "afterHooks": [],
          "tests": [
            {
              "title": "Listar Cupons",
              "fullTitle": "Testes com a API EBAC-Shop - Cupons Listar Cupons",
              "timedOut": null,
              "duration": 497,
              "state": "passed",
              "speed": "fast",
              "pass": true,
              "fail": false,
              "pending": false,
              "context": null,
              "code": "cy.request({\n  method: \"GET\",\n  url: \"/wp-json/wc/v3/coupons\",\n  headers: {\n    accept: 'application/json',\n    authorization: 'Basic YWRtaW5fZWJhYzpAYWRtaW4hJmJAYyEyMDIy'\n  }\n}).then(Response => {\n  expect(Response.status).to.equal(200);\n  return Response.body.id;\n});",
              "err": {},
              "uuid": "d96faaa4-1e71-4bbd-ab46-8f6ec937c86e",
              "parentUUID": "8e9d1353-9347-4384-96d3-a9e4eaa45d9b",
              "isHook": false,
              "skipped": false
            },
            {
              "title": "Cadastrar Cupons",
              "fullTitle": "Testes com a API EBAC-Shop - Cupons Cadastrar Cupons",
              "timedOut": null,
              "duration": 408,
              "state": "passed",
              "speed": "fast",
              "pass": true,
              "fail": false,
              "pending": false,
              "context": null,
              "code": "cy.request({\n  method: \"POST\",\n  url: \"/produtos\",\n  headers: {\n    accept: 'application/json',\n    authorization: 'Basic YWRtaW5fZWJhYzpAYWRtaW4hJmJAYyEyMDIy'\n  },\n  body: {\n    \"code\": _faker.default.commerce.productAdjective(),\n    \"amount\": _faker.default.commerce.price(10, 100),\n    \"discount_type\": \"fixed_product\",\n    \"description\": _faker.default.commerce.productDescription()\n  }\n}).then(Response => {\n  expect(Response.status).to.equal(200);\n  return Response.body.id;\n});",
              "err": {},
              "uuid": "5f3b0e6b-ee05-4b8c-92f7-33c76a0bf8da",
              "parentUUID": "8e9d1353-9347-4384-96d3-a9e4eaa45d9b",
              "isHook": false,
              "skipped": false
            }
          ],
          "suites": [],
          "passes": [
            "d96faaa4-1e71-4bbd-ab46-8f6ec937c86e",
            "5f3b0e6b-ee05-4b8c-92f7-33c76a0bf8da"
          ],
          "failures": [],
          "pending": [],
          "skipped": [],
          "duration": 905,
          "root": false,
          "rootEmpty": false,
          "_timeout": 2000
        }
      ],
      "passes": [],
      "failures": [],
      "pending": [],
      "skipped": [],
      "duration": 0,
      "root": true,
      "rootEmpty": true,
      "_timeout": 2000
    }
  ],
  "meta": {
    "mocha": {
      "version": "7.0.1"
    },
    "mochawesome": {
      "options": {
        "quiet": false,
        "reportFilename": "mochawesome",
        "saveHtml": false,
        "saveJson": true,
        "consoleReporter": "spec",
        "useInlineDiffs": false,
        "code": true
      },
      "version": "7.1.3"
    },
    "marge": {
      "options": {
        "reporterDir": "mochawesome-report",
        "overwrite": false,
        "html": false,
        "json": true
      },
      "version": "6.2.0"
    }
  }
}